<?xml version="1.0" encoding="UTF-8"?>
<testsuite xmlns:xsi="http://www.w3.org/2001/XMLSchema-instance" xsi:noNamespaceSchemaLocation="https://maven.apache.org/surefire/maven-surefire-plugin/xsd/surefire-test-report-3.0.xsd" version="3.0" name="com.ntuc.testing.CalculatorTest" time="0.042" tests="5" errors="0" skipped="0" failures="0">
  <properties>
[...]
</properties>
  <testcase name="testException" classname="com.ntuc.testing.CalculatorTest" time="0.018"/>
  <testcase name="testAdd" classname="com.ntuc.testing.CalculatorTest" time="0.001"/>
  <testcase name="testSubstract" classname="com.ntuc.testing.CalculatorTest" time="0.005"/>
  <testcase name="testDivide" classname="com.ntuc.testing.CalculatorTest" time="0.002"/>
  <testcase name="testMultiply" classname="com.ntuc.testing.CalculatorTest" time="0.001"/>
</testsuite>